<?xml version="1.0" encoding="UTF-8"?>
<testng-results ignored="3" total="13" passed="9" failed="1" skipped="0">
  <reporter-output>
  </reporter-output>
  <suite started-at="2022-08-15T00:04:10 CEST" name="Loan Department" finished-at="2022-08-15T00:04:11 CEST" duration-ms="429">
    <groups>
      <group name="Smoke">
        <method signature="testType2.ploan()[pri:0, instance:test.testType2@247d8ae]" name="ploan" class="test.testType2"/>
        <method signature="testType4.MobileLoginHomeLoan()[pri:0, instance:test.testType4@48974e45]" name="MobileLoginHomeLoan" class="test.testType4"/>
        <method signature="testType3.MobileLoginCarLoan()[pri:0, instance:test.testType3@543588e6]" name="MobileLoginCarLoan" class="test.testType3"/>
      </group> <!-- Smoke -->
    </groups>
    <test started-at="2022-08-15T00:04:10 CEST" name="Personal Load" finished-at="2022-08-15T00:04:10 CEST" duration-ms="139">
      <class name="test.testType1">
        <test-method signature="Demo()[pri:0, instance:test.testType1@306f16f3]" started-at="2022-08-15T00:04:10 CEST" name="Demo" finished-at="2022-08-15T00:04:10 CEST" duration-ms="20" status="FAIL">
          <exception class="java.lang.AssertionError">
            <message>
              <![CDATA[expected [true] but found [false]]]>
            </message>
            <full-stacktrace>
              <![CDATA[java.lang.AssertionError: expected [true] but found [false]
at org.testng.Assert.fail(Assert.java:99)
at org.testng.Assert.failNotEquals(Assert.java:1037)
at org.testng.Assert.assertTrue(Assert.java:45)
at org.testng.Assert.assertTrue(Assert.java:55)
at test.testType1.Demo(testType1.java:14)
at java.base/jdk.internal.reflect.NativeMethodAccessorImpl.invoke0(Native Method)
at java.base/jdk.internal.reflect.NativeMethodAccessorImpl.invoke(NativeMethodAccessorImpl.java:77)
at java.base/jdk.internal.reflect.DelegatingMethodAccessorImpl.invoke(DelegatingMethodAccessorImpl.java:43)
at java.base/java.lang.reflect.Method.invoke(Method.java:568)
at org.testng.internal.MethodInvocationHelper.invokeMethod(MethodInvocationHelper.java:133)
at org.testng.internal.TestInvoker.invokeMethod(TestInvoker.java:598)
at org.testng.internal.TestInvoker.invokeTestMethod(TestInvoker.java:173)
at org.testng.internal.MethodRunner.runInSequence(MethodRunner.java:46)
at org.testng.internal.TestInvoker$MethodInvocationAgent.invoke(TestInvoker.java:824)
at org.testng.internal.TestInvoker.invokeTestMethods(TestInvoker.java:146)
at org.testng.internal.TestMethodWorker.invokeTestMethods(TestMethodWorker.java:146)
at org.testng.internal.TestMethodWorker.run(TestMethodWorker.java:128)
at java.base/java.util.ArrayList.forEach(ArrayList.java:1511)
at org.testng.TestRunner.privateRun(TestRunner.java:794)
at org.testng.TestRunner.run(TestRunner.java:596)
at org.testng.SuiteRunner.runTest(SuiteRunner.java:377)
at org.testng.SuiteRunner.runSequentially(SuiteRunner.java:371)
at org.testng.SuiteRunner.privateRun(SuiteRunner.java:332)
at org.testng.SuiteRunner.run(SuiteRunner.java:276)
at org.testng.SuiteRunnerWorker.runSuite(SuiteRunnerWorker.java:53)
at org.testng.SuiteRunnerWorker.run(SuiteRunnerWorker.java:96)
at org.testng.TestNG.runSuitesSequentially(TestNG.java:1212)
at org.testng.TestNG.runSuitesLocally(TestNG.java:1134)
at org.testng.TestNG.runSuites(TestNG.java:1063)
at org.testng.TestNG.run(TestNG.java:1031)
at org.testng.remote.AbstractRemoteTestNG.run(AbstractRemoteTestNG.java:115)
at org.testng.remote.RemoteTestNG.initAndRun(RemoteTestNG.java:251)
at org.testng.remote.RemoteTestNG.main(RemoteTestNG.java:77)
]]>
            </full-stacktrace>
          </exception> <!-- java.lang.AssertionError -->
          <reporter-output>
          </reporter-output>
        </test-method> <!-- Demo -->
        <test-method is-config="true" signature="adtrTest()[pri:0, instance:test.testType1@306f16f3]" started-at="2022-08-15T00:04:10 CEST" name="adtrTest" finished-at="2022-08-15T00:04:10 CEST" duration-ms="1" status="PASS">
          <reporter-output>
          </reporter-output>
        </test-method> <!-- adtrTest -->
      </class> <!-- test.testType1 -->
      <class name="test.testType2">
        <test-method is-config="true" signature="bfTest()[pri:0, instance:test.testType2@247d8ae]" started-at="2022-08-15T00:04:10 CEST" name="bfTest" finished-at="2022-08-15T00:04:10 CEST" duration-ms="1" status="PASS">
          <reporter-output>
          </reporter-output>
        </test-method> <!-- bfTest -->
        <test-method signature="ploan()[pri:0, instance:test.testType2@247d8ae]" started-at="2022-08-15T00:04:10 CEST" name="ploan" finished-at="2022-08-15T00:04:10 CEST" duration-ms="3" status="PASS">
          <reporter-output>
          </reporter-output>
        </test-method> <!-- ploan -->
      </class> <!-- test.testType2 -->
      <class name="test.testType4">
        <test-method signature="LoginAPIHomeLoan()[pri:0, instance:test.testType4@48974e45]" started-at="2022-08-15T00:04:10 CEST" name="LoginAPIHomeLoan" finished-at="2022-08-15T00:04:10 CEST" duration-ms="3" status="PASS">
          <reporter-output>
          </reporter-output>
        </test-method> <!-- LoginAPIHomeLoan -->
        <test-method signature="MobileLoginHomeLoan()[pri:0, instance:test.testType4@48974e45]" started-at="2022-08-15T00:04:10 CEST" name="MobileLoginHomeLoan" finished-at="2022-08-15T00:04:10 CEST" duration-ms="2" status="PASS">
          <reporter-output>
          </reporter-output>
        </test-method> <!-- MobileLoginHomeLoan -->
        <test-method signature="WebloginHomeLoan(java.lang.String)[pri:0, instance:test.testType4@48974e45]" started-at="2022-08-15T00:04:10 CEST" name="WebloginHomeLoan" finished-at="2022-08-15T00:04:10 CEST" duration-ms="3" status="PASS">
          <params>
            <param index="0">
              <value>
                <![CDATA[personalLoan.com]]>
              </value>
            </param>
          </params>
          <reporter-output>
          </reporter-output>
        </test-method> <!-- WebloginHomeLoan -->
      </class> <!-- test.testType4 -->
    </test> <!-- Personal Load -->
    <test started-at="2022-08-15T00:04:10 CEST" name="Car Load" finished-at="2022-08-15T00:04:11 CEST" duration-ms="50">
      <class name="test.testType1">
        <test-method is-config="true" signature="afsuite()[pri:0, instance:test.testType1@306f16f3]" started-at="2022-08-15T00:04:11 CEST" name="afsuite" finished-at="2022-08-15T00:04:11 CEST" duration-ms="0" status="PASS">
          <reporter-output>
          </reporter-output>
        </test-method> <!-- afsuite -->
      </class> <!-- test.testType1 -->
      <class name="test.testType3">
        <test-method is-config="true" signature="bfsuite()[pri:0, instance:test.testType3@543588e6]" started-at="2022-08-15T00:04:10 CEST" name="bfsuite" finished-at="2022-08-15T00:04:10 CEST" duration-ms="22" status="PASS">
          <reporter-output>
          </reporter-output>
        </test-method> <!-- bfsuite -->
        <test-method is-config="true" signature="bfClass()[pri:0, instance:test.testType3@543588e6]" started-at="2022-08-15T00:04:10 CEST" name="bfClass" finished-at="2022-08-15T00:04:10 CEST" duration-ms="1" status="PASS">
          <reporter-output>
          </reporter-output>
        </test-method> <!-- bfClass -->
        <test-method is-config="true" signature="beforeEvery()[pri:0, instance:test.testType3@543588e6]" started-at="2022-08-15T00:04:10 CEST" name="beforeEvery" finished-at="2022-08-15T00:04:10 CEST" duration-ms="0" status="PASS">
          <reporter-output>
          </reporter-output>
        </test-method> <!-- beforeEvery -->
        <test-method signature="MobileLoginCarLoan()[pri:0, instance:test.testType3@543588e6]" started-at="2022-08-15T00:04:10 CEST" name="MobileLoginCarLoan" finished-at="2022-08-15T00:04:10 CEST" duration-ms="3" status="PASS">
          <reporter-output>
          </reporter-output>
        </test-method> <!-- MobileLoginCarLoan -->
        <test-method is-config="true" signature="afterEvery()[pri:0, instance:test.testType3@543588e6]" started-at="2022-08-15T00:04:10 CEST" name="afterEvery" finished-at="2022-08-15T00:04:10 CEST" duration-ms="1" status="PASS">
          <reporter-output>
          </reporter-output>
        </test-method> <!-- afterEvery -->
        <test-method is-config="true" signature="beforeEvery()[pri:0, instance:test.testType3@543588e6]" started-at="2022-08-15T00:04:10 CEST" name="beforeEvery" finished-at="2022-08-15T00:04:10 CEST" duration-ms="1" status="PASS">
          <reporter-output>
          </reporter-output>
        </test-method> <!-- beforeEvery -->
        <test-method signature="MobilesingoutCarLoan(java.lang.String,java.lang.String)[pri:0, instance:test.testType3@543588e6]" started-at="2022-08-15T00:04:10 CEST" name="MobilesingoutCarLoan" data-provider="getData" finished-at="2022-08-15T00:04:10 CEST" duration-ms="3" status="PASS">
          <params>
            <param index="0">
              <value>
                <![CDATA[firstUname]]>
              </value>
            </param>
            <param index="1">
              <value>
                <![CDATA[firstPass]]>
              </value>
            </param>
          </params>
          <reporter-output>
          </reporter-output>
        </test-method> <!-- MobilesingoutCarLoan -->
        <test-method is-config="true" signature="afterEvery()[pri:0, instance:test.testType3@543588e6]" started-at="2022-08-15T00:04:11 CEST" name="afterEvery" finished-at="2022-08-15T00:04:11 CEST" duration-ms="1" status="PASS">
          <reporter-output>
          </reporter-output>
        </test-method> <!-- afterEvery -->
        <test-method is-config="true" signature="beforeEvery()[pri:0, instance:test.testType3@543588e6]" started-at="2022-08-15T00:04:11 CEST" name="beforeEvery" finished-at="2022-08-15T00:04:11 CEST" duration-ms="1" status="PASS">
          <reporter-output>
          </reporter-output>
        </test-method> <!-- beforeEvery -->
        <test-method signature="MobilesingoutCarLoan(java.lang.String,java.lang.String)[pri:0, instance:test.testType3@543588e6]" started-at="2022-08-15T00:04:11 CEST" name="MobilesingoutCarLoan" data-provider="getData" finished-at="2022-08-15T00:04:11 CEST" duration-ms="2" status="PASS">
          <params>
            <param index="0">
              <value>
                <![CDATA[SecondUname]]>
              </value>
            </param>
            <param index="1">
              <value>
                <![CDATA[SecondPass]]>
              </value>
            </param>
          </params>
          <reporter-output>
          </reporter-output>
        </test-method> <!-- MobilesingoutCarLoan -->
        <test-method is-config="true" signature="afterEvery()[pri:0, instance:test.testType3@543588e6]" started-at="2022-08-15T00:04:11 CEST" name="afterEvery" finished-at="2022-08-15T00:04:11 CEST" duration-ms="1" status="PASS">
          <reporter-output>
          </reporter-output>
        </test-method> <!-- afterEvery -->
        <test-method is-config="true" signature="beforeEvery()[pri:0, instance:test.testType3@543588e6]" started-at="2022-08-15T00:04:11 CEST" name="beforeEvery" finished-at="2022-08-15T00:04:11 CEST" duration-ms="1" status="PASS">
          <reporter-output>
          </reporter-output>
        </test-method> <!-- beforeEvery -->
        <test-method signature="MobilesingoutCarLoan(java.lang.String,java.lang.String)[pri:0, instance:test.testType3@543588e6]" started-at="2022-08-15T00:04:11 CEST" name="MobilesingoutCarLoan" data-provider="getData" finished-at="2022-08-15T00:04:11 CEST" duration-ms="4" status="PASS">
          <params>
            <param index="0">
              <value>
                <![CDATA[thirdUname]]>
              </value>
            </param>
            <param index="1">
              <value>
                <![CDATA[SecondPass]]>
              </value>
            </param>
          </params>
          <reporter-output>
          </reporter-output>
        </test-method> <!-- MobilesingoutCarLoan -->
        <test-method is-config="true" signature="afterEvery()[pri:0, instance:test.testType3@543588e6]" started-at="2022-08-15T00:04:11 CEST" name="afterEvery" finished-at="2022-08-15T00:04:11 CEST" duration-ms="1" status="PASS">
          <reporter-output>
          </reporter-output>
        </test-method> <!-- afterEvery -->
        <test-method is-config="true" signature="beforeEvery()[pri:0, instance:test.testType3@543588e6]" started-at="2022-08-15T00:04:11 CEST" name="beforeEvery" finished-at="2022-08-15T00:04:11 CEST" duration-ms="0" status="PASS">
          <reporter-output>
          </reporter-output>
        </test-method> <!-- beforeEvery -->
        <test-method signature="WebloginCarLoan(java.lang.String,java.lang.String)[pri:0, instance:test.testType3@543588e6]" started-at="2022-08-15T00:04:11 CEST" name="WebloginCarLoan" finished-at="2022-08-15T00:04:11 CEST" duration-ms="3" status="PASS">
          <params>
            <param index="0">
              <value>
                <![CDATA[carloan.com]]>
              </value>
            </param>
            <param index="1">
              <value>
                <![CDATA[123456]]>
              </value>
            </param>
          </params>
          <reporter-output>
          </reporter-output>
        </test-method> <!-- WebloginCarLoan -->
        <test-method is-config="true" signature="afterEvery()[pri:0, instance:test.testType3@543588e6]" started-at="2022-08-15T00:04:11 CEST" name="afterEvery" finished-at="2022-08-15T00:04:11 CEST" duration-ms="1" status="PASS">
          <reporter-output>
          </reporter-output>
        </test-method> <!-- afterEvery -->
        <test-method is-config="true" signature="afClass()[pri:0, instance:test.testType3@543588e6]" started-at="2022-08-15T00:04:11 CEST" name="afClass" finished-at="2022-08-15T00:04:11 CEST" duration-ms="1" status="PASS">
          <reporter-output>
          </reporter-output>
        </test-method> <!-- afClass -->
      </class> <!-- test.testType3 -->
    </test> <!-- Car Load -->
  </suite> <!-- Loan Department -->
</testng-results>
