<?xml version="1.0" encoding="UTF-8"?>
<!-- Generated by org.testng.reporters.JUnitXMLReporter -->
<testsuite ignored="2" hostname="DESKTOP-2CTJ19M" failures="0" tests="5" name="Car Load" time="0.05" errors="0" timestamp="2022-08-15T00:04:11 CEST">
  <testcase classname="test.testType3" name="MobileLoginCarLoan" time="0.003"/>
  <testcase classname="test.testType3" name="MobilesingoutCarLoan" time="0.003"/>
  <testcase classname="test.testType3" name="MobilesingoutCarLoan" time="0.002"/>
  <testcase classname="test.testType3" name="MobilesingoutCarLoan" time="0.004"/>
  <testcase classname="test.testType3" name="WebloginCarLoan" time="0.003"/>
  <testcase classname="test.testType3" name="APICarLoan" time="0.0">
    <ignored/>
  </testcase> <!-- APICarLoan -->
  <testcase classname="test.testType3" name="MobilesinginCarLoan" time="0.0">
    <ignored/>
  </testcase> <!-- MobilesinginCarLoan -->
</testsuite> <!-- Car Load -->
