<?xml version="1.0" encoding="UTF-8"?>
<!-- Generated by org.testng.reporters.JUnitXMLReporter -->
<testsuite ignored="8" hostname="DESKTOP-2CTJ19M" failures="0" tests="3" name="Regression" time="0.169" errors="0" timestamp="2022-08-14T21:25:18 CEST">
  <testcase classname="test.testType2" name="ploan" time="0.023"/>
  <testcase classname="test.testType4" name="MobileLoginHomeLoan" time="0.005"/>
  <testcase classname="test.testType3" name="MobileLoginCarLoan" time="0.002"/>
  <testcase classname="test.testType3" name="APICarLoan" time="0.0">
    <ignored/>
  </testcase> <!-- APICarLoan -->
  <testcase classname="test.testType3" name="MobilesingoutCarLoan" time="0.0">
    <ignored/>
  </testcase> <!-- MobilesingoutCarLoan -->
  <testcase classname="test.testType3" name="WebloginCarLoan" time="0.0">
    <ignored/>
  </testcase> <!-- WebloginCarLoan -->
  <testcase classname="test.testType1" name="Demo" time="0.0">
    <ignored/>
  </testcase> <!-- Demo -->
  <testcase classname="test.testType4" name="WebloginHomeLoan" time="0.0">
    <ignored/>
  </testcase> <!-- WebloginHomeLoan -->
  <testcase classname="test.testType1" name="secondTest" time="0.0">
    <ignored/>
  </testcase> <!-- secondTest -->
  <testcase classname="test.testType4" name="LoginAPIHomeLoan" time="0.0">
    <ignored/>
  </testcase> <!-- LoginAPIHomeLoan -->
  <testcase classname="test.testType3" name="MobilesinginCarLoan" time="0.0">
    <ignored/>
  </testcase> <!-- MobilesinginCarLoan -->
</testsuite> <!-- Regression -->
